<?xml version="1.0" encoding="UTF-8"?>
<testsuite xmlns:xsi="http://www.w3.org/2001/XMLSchema-instance" xsi:noNamespaceSchemaLocation="https://maven.apache.org/surefire/maven-surefire-plugin/xsd/surefire-test-report.xsd" name="lopezs20.AppTest" time="0.209" tests="8" errors="0" skipped="0" failures="0">
  <properties>
[...]
</properties>
  <testcase name="shouldPrintListOfVowels" classname="lopezs20.AppTest" time="0.013"/>
  <testcase name="shouldAddItemToMinStack" classname="lopezs20.AppTest" time="0.001"/>
  <testcase name="shouldBubbleSort" classname="lopezs20.AppTest" time="0.086"/>
  <testcase name="shouldInitalizeQuickSort" classname="lopezs20.AppTest" time="0.001"/>
  <testcase name="shouldPrintAnimationFromScheduler" classname="lopezs20.AppTest" time="0"/>
  <testcase name="shouldAddTwoItemsToMinStack" classname="lopezs20.AppTest" time="0"/>
  <testcase name="shouldPopTwoItemsFromMinStack" classname="lopezs20.AppTest" time="0"/>
  <testcase name="shouldInitializeMinStack" classname="lopezs20.AppTest" time="0"/>
</testsuite>